<?xml version="1.0" encoding="UTF-8"?>
<testng-results ignored="0" total="3" passed="3" failed="0" skipped="0">
  <reporter-output>
  </reporter-output>
  <suite started-at="2023-09-21T16:22:22 IST" name="Suite" finished-at="2023-09-21T16:23:20 IST" duration-ms="57280">
    <groups>
      <group name="cucumber">
        <method signature="AbstractTestNGCucumberTests.runScenario(io.cucumber.testng.PickleWrapper,io.cucumber.testng.FeatureWrapper)[pri:0, instance:TestRunners.TestRunner@1c5920df]" name="runScenario" class="io.cucumber.testng.AbstractTestNGCucumberTests"/>
      </group> <!-- cucumber -->
    </groups>
    <test started-at="2023-09-21T16:22:22 IST" name="Test" finished-at="2023-09-21T16:23:20 IST" duration-ms="57280">
      <class name="TestRunners.TestRunner">
        <test-method is-config="true" signature="setUpClass(org.testng.ITestContext)[pri:0, instance:TestRunners.TestRunner@1c5920df]" started-at="2023-09-21T16:22:22 IST" name="setUpClass" finished-at="2023-09-21T16:22:23 IST" duration-ms="548" status="PASS">
          <params>
            <param index="0">
              <value>
                <![CDATA[org.testng.TestRunner@7b9088f2]]>
              </value>
            </param>
          </params>
          <reporter-output>
          </reporter-output>
        </test-method> <!-- setUpClass -->
        <test-method signature="runScenario(io.cucumber.testng.PickleWrapper,io.cucumber.testng.FeatureWrapper)[pri:0, instance:TestRunners.TestRunner@1c5920df]" started-at="2023-09-21T16:22:23 IST" name="runScenario" description="Runs Cucumber Scenarios" data-provider="scenarios" finished-at="2023-09-21T16:22:44 IST" duration-ms="21025" status="PASS">
          <params>
            <param index="0">
              <value>
                <![CDATA["Add Course"]]>
              </value>
            </param>
            <param index="1">
              <value>
                <![CDATA["Admin Module"]]>
              </value>
            </param>
          </params>
          <reporter-output>
          </reporter-output>
        </test-method> <!-- runScenario -->
        <test-method signature="runScenario(io.cucumber.testng.PickleWrapper,io.cucumber.testng.FeatureWrapper)[pri:0, instance:TestRunners.TestRunner@1c5920df]" started-at="2023-09-21T16:22:44 IST" name="runScenario" description="Runs Cucumber Scenarios" data-provider="scenarios" finished-at="2023-09-21T16:23:03 IST" duration-ms="18610" status="PASS">
          <params>
            <param index="0">
              <value>
                <![CDATA["Add Category"]]>
              </value>
            </param>
            <param index="1">
              <value>
                <![CDATA["Admin Module"]]>
              </value>
            </param>
          </params>
          <reporter-output>
          </reporter-output>
        </test-method> <!-- runScenario -->
        <test-method signature="runScenario(io.cucumber.testng.PickleWrapper,io.cucumber.testng.FeatureWrapper)[pri:0, instance:TestRunners.TestRunner@1c5920df]" started-at="2023-09-21T16:23:03 IST" name="runScenario" description="Runs Cucumber Scenarios" data-provider="scenarios" finished-at="2023-09-21T16:23:20 IST" duration-ms="16915" status="PASS">
          <params>
            <param index="0">
              <value>
                <![CDATA["Add User"]]>
              </value>
            </param>
            <param index="1">
              <value>
                <![CDATA["Admin Module"]]>
              </value>
            </param>
          </params>
          <reporter-output>
          </reporter-output>
        </test-method> <!-- runScenario -->
        <test-method is-config="true" signature="tearDownClass()[pri:0, instance:TestRunners.TestRunner@1c5920df]" started-at="2023-09-21T16:23:20 IST" name="tearDownClass" finished-at="2023-09-21T16:23:20 IST" duration-ms="129" status="PASS">
          <reporter-output>
          </reporter-output>
        </test-method> <!-- tearDownClass -->
      </class> <!-- TestRunners.TestRunner -->
    </test> <!-- Test -->
  </suite> <!-- Suite -->
</testng-results>
